Start testing: Sep 10 01:00 CEST
----------------------------------------------------------
1/1 Testing: UriTests
1/1 Test: UriTests
Command: "/mnt/Pliki_Mic/C++/Youtube/Uri/build/test/UriTests"
Directory: /mnt/Pliki_Mic/C++/Youtube/Uri/build/test
"UriTests" start time: Sep 10 01:00 CEST
Output:
----------------------------------------------------------
Running main() from ../googletest/googletest/src/gtest_main.cc
[==========] Running 3 tests from 1 test suite.
[----------] Global test environment set-up.
[----------] 3 tests from UriTests
[ RUN      ] UriTests.ParseFromString
[       OK ] UriTests.ParseFromString (0 ms)
[ RUN      ] UriTests.ParseFromString2
[       OK ] UriTests.ParseFromString2 (0 ms)
[ RUN      ] UriTests.ParseFromString3
[       OK ] UriTests.ParseFromString3 (0 ms)
[----------] 3 tests from UriTests (0 ms total)

[----------] Global test environment tear-down
[==========] 3 tests from 1 test suite ran. (0 ms total)
[  PASSED  ] 3 tests.
<end of output>
Test time =   0.00 sec
----------------------------------------------------------
Test Passed.
"UriTests" end time: Sep 10 01:00 CEST
"UriTests" time elapsed: 00:00:00
----------------------------------------------------------

End testing: Sep 10 01:00 CEST
